This is pdfTeX, Version 3.141592653-2.6-1.40.24 (MiKTeX 22.8.28) (preloaded format=pdflatex 2022.9.7)  7 SEP 2022 17:21
entering extended mode
 restricted \write18 enabled.
 %&-line parsing enabled.
**C:/Users/camer/topaspet-github/topas_truth_d/TOPAS_PET_paper_v2g_XCAT_additio
n.tex

(C:/Users/camer/topaspet-github/topas_truth_d/TOPAS_PET_paper_v2g_XCAT_addition
.tex
LaTeX2e <2022-06-01> patch level 5
L3 programming layer <2022-08-23>
(C:\Users\camer\AppData\Local\Programs\MiKTeX\tex/latex/base\article.cls
Document Class: article 2021/10/04 v1.4n Standard LaTeX document class
(C:\Users\camer\AppData\Local\Programs\MiKTeX\tex/latex/base\size12.clo
File: size12.clo 2021/10/04 v1.4n Standard LaTeX file (size option)
)
\c@part=\count185
\c@section=\count186
\c@subsection=\count187
\c@subsubsection=\count188
\c@paragraph=\count189
\c@subparagraph=\count190
\c@figure=\count191
\c@table=\count192
\abovecaptionskip=\skip47
\belowcaptionskip=\skip48
\bibindent=\dimen138
)
(C:\Users\camer\AppData\Local\Programs\MiKTeX\tex/latex/graphics\color.sty
Package: color 2022/01/06 v1.3d Standard LaTeX Color (DPC)

(C:\Users\camer\AppData\Local\Programs\MiKTeX\tex/latex/graphics-cfg\color.cfg
File: color.cfg 2016/01/02 v1.6 sample color configuration
)
Package color Info: Driver file: pdftex.def on input line 149.

(C:\Users\camer\AppData\Local\Programs\MiKTeX\tex/latex/graphics-def\pdftex.def
File: pdftex.def 2020/10/05 v1.2a Graphics/color driver for pdftex
)
(C:\Users\camer\AppData\Local\Programs\MiKTeX\tex/latex-dev/graphics\mathcolor.
ltx))
(C:\Users\camer\AppData\Local\Programs\MiKTeX\tex/latex/amsfonts\amssymb.sty
Package: amssymb 2013/01/14 v3.01 AMS font symbols

(C:\Users\camer\AppData\Local\Programs\MiKTeX\tex/latex/amsfonts\amsfonts.sty
Package: amsfonts 2013/01/14 v3.01 Basic AMSFonts support
\@emptytoks=\toks16
\symAMSa=\mathgroup4
\symAMSb=\mathgroup5
LaTeX Font Info:    Redeclaring math symbol \hbar on input line 98.
LaTeX Font Info:    Overwriting math alphabet `\mathfrak' in version `bold'
(Font)                  U/euf/m/n --> U/euf/b/n on input line 106.
)) (C:\Users\camer\AppData\Local\Programs\MiKTeX\tex/latex/mdwtools\footnote.st
y
Package: footnote 1997/01/28 1.13 Save footnotes around boxes
\fn@notes=\box51
\fn@width=\dimen139
) (C:\Users\camer\AppData\Local\Programs\MiKTeX\tex/latex/tools\longtable.sty
Package: longtable 2021-09-01 v4.17 Multi-page Table package (DPC)
\LTleft=\skip49
\LTright=\skip50
\LTpre=\skip51
\LTpost=\skip52
\LTchunksize=\count193
\LTcapwidth=\dimen140
\LT@head=\box52
\LT@firsthead=\box53
\LT@foot=\box54
\LT@lastfoot=\box55
\LT@gbox=\box56
\LT@cols=\count194
\LT@rows=\count195
\c@LT@tables=\count196
\c@LT@chunks=\count197
\LT@p@ftn=\toks17
)
(C:\Users\camer\AppData\Local\Programs\MiKTeX\tex/latex/tools\verbatim.sty
Package: verbatim 2020-07-07 v1.5u LaTeX2e package for verbatim enhancements
\every@verbatim=\toks18
\verbatim@line=\toks19
\verbatim@in@stream=\read2
)
(C:\Users\camer\AppData\Local\Programs\MiKTeX\tex/latex/tools\array.sty
Package: array 2021/10/04 v2.5f Tabular extension package (FMi)
\col@sep=\dimen141
\ar@mcellbox=\box57
\extrarowheight=\dimen142
\NC@list=\toks20
\extratabsurround=\skip53
\backup@length=\skip54
\ar@cellbox=\box58
)
(C:\Users\camer\AppData\Local\Programs\MiKTeX\tex/latex/multirow\multirow.sty
Package: multirow 2021/03/15 v2.8 Span multiple rows of a table
\multirow@colwidth=\skip55
\multirow@cntb=\count198
\multirow@dima=\skip56
\bigstrutjot=\dimen143
)
(C:\Users\camer\AppData\Local\Programs\MiKTeX\tex/latex/titlesec\titlesec.sty
Package: titlesec 2021/07/05 v2.14 Sectioning titles
\ttl@box=\box59
\beforetitleunit=\skip57
\aftertitleunit=\skip58
\ttl@plus=\dimen144
\ttl@minus=\dimen145
\ttl@toksa=\toks21
\titlewidth=\dimen146
\titlewidthlast=\dimen147
\titlewidthfirst=\dimen148
)
(C:\Users\camer\AppData\Local\Programs\MiKTeX\tex/latex/graphics\graphicx.sty
Package: graphicx 2021/09/16 v1.2d Enhanced LaTeX Graphics (DPC,SPQR)

(C:\Users\camer\AppData\Local\Programs\MiKTeX\tex/latex/graphics\keyval.sty
Package: keyval 2022/05/29 v1.15 key=value parser (DPC)
\KV@toks@=\toks22
)
(C:\Users\camer\AppData\Local\Programs\MiKTeX\tex/latex/graphics\graphics.sty
Package: graphics 2022/03/10 v1.4e Standard LaTeX Graphics (DPC,SPQR)

(C:\Users\camer\AppData\Local\Programs\MiKTeX\tex/latex/graphics\trig.sty
Package: trig 2021/08/11 v1.11 sin cos tan (DPC)
)
(C:\Users\camer\AppData\Local\Programs\MiKTeX\tex/latex/graphics-cfg\graphics.c
fg
File: graphics.cfg 2016/06/04 v1.11 sample graphics configuration
)
Package graphics Info: Driver file: pdftex.def on input line 107.
)
\Gin@req@height=\dimen149
\Gin@req@width=\dimen150
)
(C:\Users\camer\AppData\Local\Programs\MiKTeX\tex/latex/caption\caption.sty
Package: caption 2022/03/01 v3.6b Customizing captions (AR)

(C:\Users\camer\AppData\Local\Programs\MiKTeX\tex/latex/caption\caption3.sty
Package: caption3 2022/03/17 v2.3b caption3 kernel (AR)
\caption@tempdima=\dimen151
\captionmargin=\dimen152
\caption@leftmargin=\dimen153
\caption@rightmargin=\dimen154
\caption@width=\dimen155
\caption@indent=\dimen156
\caption@parindent=\dimen157
\caption@hangindent=\dimen158
Package caption Info: Standard document class detected.
)
\c@caption@flags=\count199
\c@continuedfloat=\count266
Package caption Info: longtable package is loaded.

(C:\Users\camer\AppData\Local\Programs\MiKTeX\tex/latex/caption\ltcaption.sty
Package: ltcaption 2021/01/08 v1.4c longtable captions (AR)
)) (C:\Users\camer\AppData\Local\Programs\MiKTeX\tex/latex/caption\subcaption.s
ty
Package: subcaption 2022/01/07 v1.5 Sub-captions (AR)
\c@subfigure=\count267
\c@subtable=\count268
)
(C:\Users\camer\AppData\Local\Programs\MiKTeX\tex/latex/l3backend\l3backend-pdf
tex.def
File: l3backend-pdftex.def 2022-08-23 L3 backend support: PDF output (pdfTeX)
\l__color_backend_stack_int=\count269
\l__pdf_internal_box=\box60
)
No file TOPAS_PET_paper_v2g_XCAT_addition.aux.
\openout1 = `TOPAS_PET_paper_v2g_XCAT_addition.aux'.

LaTeX Font Info:    Checking defaults for OML/cmm/m/it on input line 97.
LaTeX Font Info:    ... okay on input line 97.
LaTeX Font Info:    Checking defaults for OMS/cmsy/m/n on input line 97.
LaTeX Font Info:    ... okay on input line 97.
LaTeX Font Info:    Checking defaults for OT1/cmr/m/n on input line 97.
LaTeX Font Info:    ... okay on input line 97.
LaTeX Font Info:    Checking defaults for T1/cmr/m/n on input line 97.
LaTeX Font Info:    ... okay on input line 97.
LaTeX Font Info:    Checking defaults for TS1/cmr/m/n on input line 97.
LaTeX Font Info:    ... okay on input line 97.
LaTeX Font Info:    Checking defaults for OMX/cmex/m/n on input line 97.
LaTeX Font Info:    ... okay on input line 97.
LaTeX Font Info:    Checking defaults for U/cmr/m/n on input line 97.
LaTeX Font Info:    ... okay on input line 97.

(C:\Users\camer\AppData\Local\Programs\MiKTeX\tex/context/base/mkii\supp-pdf.mk
ii
[Loading MPS to PDF converter (version 2006.09.02).]
\scratchcounter=\count270
\scratchdimen=\dimen159
\scratchbox=\box61
\nofMPsegments=\count271
\nofMParguments=\count272
\everyMPshowfont=\toks23
\MPscratchCnt=\count273
\MPscratchDim=\dimen160
\MPnumerator=\count274
\makeMPintoPDFobject=\count275
\everyMPtoPDFconversion=\toks24
)
(C:\Users\camer\AppData\Local\Programs\MiKTeX\tex/latex/epstopdf-pkg\epstopdf-b
ase.sty
Package: epstopdf-base 2020-01-24 v2.11 Base part for package epstopdf
Package epstopdf-base Info: Redefining graphics rule for `.eps' on input line 4
85.

(C:\Users\camer\AppData\Local\Programs\MiKTeX\tex/latex/00miktex\epstopdf-sys.c
fg
File: epstopdf-sys.cfg 2021/03/18 v2.0 Configuration of epstopdf for MiKTeX
))
Package caption Info: Begin \AtBeginDocument code.
Package caption Info: End \AtBeginDocument code.
LaTeX Font Info:    Trying to load font information for U+msa on input line 134
.
 (C:\Users\camer\AppData\Local\Programs\MiKTeX\tex/latex/amsfonts\umsa.fd
File: umsa.fd 2013/01/14 v3.01 AMS symbols A
)
LaTeX Font Info:    Trying to load font information for U+msb on input line 134
.

(C:\Users\camer\AppData\Local\Programs\MiKTeX\tex/latex/amsfonts\umsb.fd
File: umsb.fd 2013/01/14 v3.01 AMS symbols B
)
[1

{C:/Users/camer/AppData/Local/MiKTeX/fonts/map/pdftex/pdftex.map}]
No file TOPAS_PET_paper_v2g_XCAT_addition.toc.
\tf@toc=\write3
\openout3 = `TOPAS_PET_paper_v2g_XCAT_addition.toc'.

No file TOPAS_PET_paper_v2g_XCAT_addition.lof.
\tf@lof=\write4
\openout4 = `TOPAS_PET_paper_v2g_XCAT_addition.lof'.

No file TOPAS_PET_paper_v2g_XCAT_addition.lot.
\tf@lot=\write5
\openout5 = `TOPAS_PET_paper_v2g_XCAT_addition.lot'.

[2]

LaTeX Warning: Citation `Vandenberghe_Moskal_Karp_review_2020' on page 3 undefi
ned on input line 183.


LaTeX Warning: Citation `Vaquero_Kinehan_review_2015' on page 3 undefined on in
put line 183.


LaTeX Warning: Citation `Phelps_Cherry_Dahlbom_book_2006' on page 3 undefined o
n input line 183.


LaTeX Warning: Citation `Vandenberghe_Moskal_Karp_2020_Whole_Body_PET_2020' on 
page 3 undefined on input line 186.


LaTeX Warning: Citation `Cherry_Explorer_scattering_2019' on page 3 undefined o
n input line 186.


LaTeX Warning: Citation `Lee_Levin_100ps_2021' on page 3 undefined on input lin
e 187.


LaTeX Warning: Citation `lecoq_2019' on page 3 undefined on input line 189.


LaTeX Warning: Citation `Credo' on page 3 undefined on input line 192.


LaTeX Warning: Citation `Ohshima' on page 3 undefined on input line 192.


LaTeX Warning: Citation `Anatoly_TestBeam_2010' on page 3 undefined on input li
ne 192.


LaTeX Warning: Citation `Cherry_Hamamatsu_2021' on page 3 undefined on input li
ne 194.


LaTeX Warning: Citation `Moses_Fundamental_Limits' on page 3 undefined on input
 line 198.


LaTeX Warning: Citation `history_paper' on page 3 undefined on input line 201.


LaTeX Warning: Citation `timing_paper' on page 3 undefined on input line 201.


LaTeX Warning: Citation `Limitations_Workshop_2011' on page 3 undefined on inpu
t line 201.


LaTeX Warning: Citation `Andrey_paper_1' on page 3 undefined on input line 201.



LaTeX Warning: Citation `PSEC4' on page 3 undefined on input line 202.


LaTeX Warning: Citation `OTPC_paper' on page 3 undefined on input line 202.


LaTeX Warning: Citation `Moskal_Organic_Scint_2012' on page 3 undefined on inpu
t line 204.


LaTeX Warning: Citation `PET_NIM_paper' on page 3 undefined on input line 204.


LaTeX Warning: Citation `PET_patent' on page 3 undefined on input line 204.


LaTeX Warning: Citation `Kamland-Zen' on page 3 undefined on input line 208.


LaTeX Warning: Citation `cross_sections' on page 3 undefined on input line 210.



LaTeX Warning: Citation `PET_NIM_paper' on page 3 undefined on input line 223.


LaTeX Warning: Citation `PET_NIM_paper' on page 3 undefined on input line 228.


LaTeX Warning: Citation `glazer_bubble_chamber' on page 3 undefined on input li
ne 240.


LaTeX Warning: Citation `PET_NIM_paper' on page 3 undefined on input line 243.


LaTeX Warning: Citation `PET_NIM_paper' on page 3 undefined on input line 244.

[3]

LaTeX Warning: Citation `TOPAS' on page 4 undefined on input line 247.


LaTeX Warning: Citation `PET_NIM_paper' on page 4 undefined on input line 248.


LaTeX Warning: Reference `TOPAS' on page 4 undefined on input line 255.


LaTeX Warning: Reference `Simulation' on page 4 undefined on input line 258.


LaTeX Warning: Reference `TOF' on page 4 undefined on input line 259.


LaTeX Warning: Reference `In-patient_Scattering' on page 4 undefined on input l
ine 263.


LaTeX Warning: Reference `Reconstruction' on page 4 undefined on input line 265
.


LaTeX Warning: Reference `Imaging_phantoms' on page 4 undefined on input line 2
66.


LaTeX Warning: Citation `Dershowitz_phantom' on page 4 undefined on input line 
268.


LaTeX Warning: Reference `Summary' on page 4 undefined on input line 269.


LaTeX Warning: File `Figures/brain-gammas-figure-inverted-v1a.png' not found on
 input line 274.


! Package pdftex.def Error: File `Figures/brain-gammas-figure-inverted-v1a.png'
 not found: using draft setting.

See the pdftex.def package documentation for explanation.
Type  H <return>  for immediate help.
 ...                                              
                                                  
l.274 ...res/brain-gammas-figure-inverted-v1a.png}
                                                  
? 

LaTeX Warning: File `Figures/gamma-scatter-figure-v1a.png' not found on input l
ine 282.


! Package pdftex.def Error: File `Figures/gamma-scatter-figure-v1a.png' not fou
nd: using draft setting.

See the pdftex.def package documentation for explanation.
Type  H <return>  for immediate help.
 ...                                              
                                                  
l.282 ...th]{Figures/gamma-scatter-figure-v1a.png}
                                                  
? 

LaTeX Warning: File `Figures/electron-scatter-figure-v1a.png' not found on inpu
t line 291.


! Package pdftex.def Error: File `Figures/electron-scatter-figure-v1a.png' not 
found: using draft setting.

See the pdftex.def package documentation for explanation.
Type  H <return>  for immediate help.
 ...                                              
                                                  
l.291 ...{Figures/electron-scatter-figure-v1a.png}
                                                  
? 

Underfull \hbox (badness 10000) in paragraph at lines 300--303

 []


Underfull \hbox (badness 10000) in paragraph at lines 304--307

 []

[4]
Underfull \hbox (badness 10000) in paragraph at lines 314--318

 []


LaTeX Warning: Reference `Detector' on page 5 undefined on input line 320.

[5]
Underfull \hbox (badness 10000) in paragraph at lines 322--327

 []


Underfull \hbox (badness 10000) in paragraph at lines 331--335

 []


Underfull \hbox (badness 10000) in paragraph at lines 341--342

 []


LaTeX Warning: File `Figures/xdist-v2.1.png' not found on input line 347.


! Package pdftex.def Error: File `Figures/xdist-v2.1.png' not found: using draf
t setting.

See the pdftex.def package documentation for explanation.
Type  H <return>  for immediate help.
 ...                                              
                                                  
l.347 ...h=0.45\textwidth]{Figures/xdist-v2.1.png}
                                                  
? 

LaTeX Warning: File `Figures/finale_log-v2.1.png' not found on input line 349.


! Package pdftex.def Error: File `Figures/finale_log-v2.1.png' not found: using
 draft setting.

See the pdftex.def package documentation for explanation.
Type  H <return>  for immediate help.
 ...                                              
                                                  
l.349 ...5\textwidth]{Figures/finale_log-v2.1.png}
                                                  
? 

Overfull \hbox (4.72702pt too wide) in paragraph at lines 356--358
\OT1/cmr/m/n/12 We used the fol-low-ing par-ti-cle trans-port mod-ules ``g4em-s
tandard[]opt4'' and ``g4em-penelope'' 
 []

[6]
Overfull \hbox (1.35039pt too wide) in paragraph at lines 375--375
|[]\OT1/cmr/bx/n/17.28 Simulating a model low-Z whole-Body TOF-PET De-
 []


LaTeX Warning: Citation `PET_NIM_paper' on page 7 undefined on input line 380.


LaTeX Warning: Reference `Detector' on page 7 undefined on input line 382.


LaTeX Warning: Reference `Scintillating_media' on page 7 undefined on input lin
e 382.


LaTeX Warning: Reference `Compton_chain' on page 7 undefined on input line 383.



LaTeX Warning: Reference `tab:selection_efficiencies' on page 7 undefined on in
put line 386.


LaTeX Warning: Reference `Sigma_T' on page 7 undefined on input line 387.

[7]

LaTeX Warning: Reference `fig:Detector_and_Gamma' on page 8 undefined on input 
line 397.


LaTeX Warning: Citation `PET_NIM_paper' on page 8 undefined on input line 397.


LaTeX Warning: Citation `PET_NIM_paper' on page 8 undefined on input line 397.


LaTeX Warning: Citation `Kamland_Zen' on page 8 undefined on input line 403.


LaTeX Warning: Citation `Buck_private_comm' on page 8 undefined on input line 4
04.


LaTeX Warning: Reference `fig:distance_traveled' on page 8 undefined on input l
ine 413.


LaTeX Warning: File `Figures/scatter_dist_v1.png' not found on input line 423.


! Package pdftex.def Error: File `Figures/scatter_dist_v1.png' not found: using
 draft setting.

See the pdftex.def package documentation for explanation.
Type  H <return>  for immediate help.
 ...                                              
                                                  
l.423 ...5\linewidth]{Figures/scatter_dist_v1.png}
                                                  
? 

LaTeX Warning: Citation `PET_NIM_paper' on page 8 undefined on input line 433.


LaTeX Warning: Citation `PET_NIM_paper' on page 8 undefined on input line 436.


LaTeX Warning: Reference `fig:angle_energy' on page 8 undefined on input line 4
38.


LaTeX Warning: File `Figures/compton_snake_v1.png' not found on input line 445.



! Package pdftex.def Error: File `Figures/compton_snake_v1.png' not found: usin
g draft setting.

See the pdftex.def package documentation for explanation.
Type  H <return>  for immediate help.
 ...                                              
                                                  
l.445 ...\textwidth]{Figures/compton_snake_v1.png}
                                                  
? 

LaTeX Warning: File `Figures/compton_slice_v1.png' not found on input line 447.



! Package pdftex.def Error: File `Figures/compton_slice_v1.png' not found: usin
g draft setting.

See the pdftex.def package documentation for explanation.
Type  H <return>  for immediate help.
 ...                                              
                                                  
l.447 ...\textwidth]{Figures/compton_slice_v1.png}
                                                  
? 
[8] [9]

LaTeX Warning: Reference `fig:true_vs_reconstructed' on page 10 undefined on in
put line 461.


LaTeX Warning: Reference `fig:2nd_plot' on page 10 undefined on input line 467.



LaTeX Warning: File `Figures/scatter_with_highest_energy_v2.png' not found on i
nput line 475.


! Package pdftex.def Error: File `Figures/scatter_with_highest_energy_v2.png' n
ot found: using draft setting.

See the pdftex.def package documentation for explanation.
Type  H <return>  for immediate help.
 ...                                              
                                                  
l.475 ...gures/scatter_with_highest_energy_v2.png}
                                                  
? 

LaTeX Warning: File `Figures/T_eng_errorbar_v2.png' not found on input line 477
.


! Package pdftex.def Error: File `Figures/T_eng_errorbar_v2.png' not found: usi
ng draft setting.

See the pdftex.def package documentation for explanation.
Type  H <return>  for immediate help.
 ...                                              
                                                  
l.477 ...textwidth]{Figures/T_eng_errorbar_v2.png}
                                                  
? 

LaTeX Warning: Reference `fig:escaping' on page 10 undefined on input line 488.



LaTeX Warning: File `Figures/scatters_before_escape_v3.png' not found on input 
line 494.


! Package pdftex.def Error: File `Figures/scatters_before_escape_v3.png' not fo
und: using draft setting.

See the pdftex.def package documentation for explanation.
Type  H <return>  for immediate help.
 ...                                              
                                                  
l.494 ...h]{Figures/scatters_before_escape_v3.png}
                                                  
? 

LaTeX Warning: File `Figures/energy_at_escape_v2.png' not found on input line 4
96.


! Package pdftex.def Error: File `Figures/energy_at_escape_v2.png' not found: u
sing draft setting.

See the pdftex.def package documentation for explanation.
Type  H <return>  for immediate help.
 ...                                              
                                                  
l.496 ...xtwidth]{Figures/energy_at_escape_v2.png}
                                                  
? 
[10] [11]

LaTeX Warning: Reference `Zernicke_fits' on page 12 undefined on input line 527
.


LaTeX Warning: Reference `tab:selection_efficiencies' on page 12 undefined on i
nput line 531.

[12

]

LaTeX Warning: Citation `catchall_NIM_references' on page 13 undefined on input
 line 573.


LaTeX Warning: Reference `Compton_chain' on page 13 undefined on input line 582
.

[13]

LaTeX Warning: Reference `tab:IPS' on page 14 undefined on input line 585.


LaTeX Warning: Citation `PET_NIM_paper' on page 14 undefined on input line 627.



LaTeX Warning: Citation `Kamland_Zen' on page 14 undefined on input line 631.


LaTeX Warning: Citation `Buck_private_comm' on page 14 undefined on input line 
631.


LaTeX Warning: Citation `Incom_production' on page 14 undefined on input line 6
31.


LaTeX Warning: Citation `Hamamatsu_mppc_modules_kacc9019e' on page 14 undefined
 on input line 631.

[14]

LaTeX Warning: Citation `RISC' on page 15 undefined on input line 636.


LaTeX Warning: Citation `One_parameter_fit' on page 15 undefined on input line 
636.


LaTeX Warning: Reference `fig:TOF_differential_integral' on page 15 undefined o
n input line 638.


LaTeX Warning: File `Figures/joao_tof_v1a.png' not found on input line 643.


! Package pdftex.def Error: File `Figures/joao_tof_v1a.png' not found: using dr
aft setting.

See the pdftex.def package documentation for explanation.
Type  H <return>  for immediate help.
 ...                                              
                                                  
l.643 ...0.45\textwidth]{Figures/joao_tof_v1a.png}
                                                  
? 

LaTeX Warning: File `Figures/joao_TOFIntegralPlotV2a.png' not found on input li
ne 645.


! Package pdftex.def Error: File `Figures/joao_TOFIntegralPlotV2a.png' not foun
d: using draft setting.

See the pdftex.def package documentation for explanation.
Type  H <return>  for immediate help.
 ...                                              
                                                  
l.645 ...dth]{Figures/joao_TOFIntegralPlotV2a.png}
                                                  
? 

LaTeX Warning: File `Figures/Derenzo_Truth_Focused_v1.png' not found on input l
ine 673.


! Package pdftex.def Error: File `Figures/Derenzo_Truth_Focused_v1.png' not fou
nd: using draft setting.

See the pdftex.def package documentation for explanation.
Type  H <return>  for immediate help.
 ...                                              
                                                  
l.673 ...th]{Figures/Derenzo_Truth_Focused_v1.png}
                                                  
? 

LaTeX Warning: File `Figures/Derenzo_6s_no_filter_v1.png' not found on input li
ne 675.


! Package pdftex.def Error: File `Figures/Derenzo_6s_no_filter_v1.png' not foun
d: using draft setting.

See the pdftex.def package documentation for explanation.
Type  H <return>  for immediate help.
 ...                                              
                                                  
l.675 ...dth]{Figures/Derenzo_6s_no_filter_v1.png}
                                                  
? 
[15]
Underfull \hbox (badness 10000) in paragraph at lines 681--684

 []


LaTeX Warning: File `Figures/brain_1sigma.png' not found on input line 693.


! Package pdftex.def Error: File `Figures/brain_1sigma.png' not found: using dr
aft setting.

See the pdftex.def package documentation for explanation.
Type  H <return>  for immediate help.
 ...                                              
                                                  
l.693 ...0.65\textwidth]{Figures/brain_1sigma.png}
                                                  
? 

Underfull \hbox (badness 10000) in paragraph at lines 700--703

 []


LaTeX Warning: Citation `Kono_pneumonia_2015' on page 16 undefined on input lin
e 705.


LaTeX Warning: File `Figures/Kono_PET_Lung_2015.jpg' not found on input line 70
9.


! Package pdftex.def Error: File `Figures/Kono_PET_Lung_2015.jpg' not found: us
ing draft setting.

See the pdftex.def package documentation for explanation.
Type  H <return>  for immediate help.
 ...                                              
                                                  
l.709 ...extwidth]{Figures/Kono_PET_Lung_2015.jpg}
                                                  
? 
[16]
Underfull \hbox (badness 10000) in paragraph at lines 716--719

 []

[17] [18]

LaTeX Warning: Citation `PET_NIM_paper' on page 19 undefined on input line 730.



LaTeX Warning: Citation `Eric_CPAD' on page 19 undefined on input line 732.


LaTeX Warning: Citation `PET_NIM_paper' on page 19 undefined on input line 764.



LaTeX Warning: Citation `Amidei_CDF_trigger_1988' on page 19 undefined on input
 line 772.


LaTeX Warning: Citation `PET_NIM_paper' on page 19 undefined on input line 772.



LaTeX Warning: Reference `fig:cf_1st_plot' on page 19 undefined on input line 7
82.

[19

]

LaTeX Warning: Reference `fig:cf_2nd_plot' on page 20 undefined on input line 7
84.


LaTeX Warning: Reference `fig:cf_3rd_plot' on page 20 undefined on input line 7
89.


LaTeX Warning: Reference `fig:cf_4th_plot' on page 20 undefined on input line 7
91.


Overfull \hbox (4.79247pt too wide) in paragraph at lines 791--793
[]\OT1/cmr/m/n/12 Figure [] dis-plays the dis-tance to the en-trance win-dow fo
r $\OML/cmm/m/it/12 N[]$ \OT1/cmr/m/n/12 (squares); $\OML/cmm/m/it/12 N[]$ \OT1
/cmr/m/n/12 (circles);$\OML/cmm/m/it/12 N[]$
 []


LaTeX Warning: Reference `fig:cf_5th_plot' on page 20 undefined on input line 7
96.


LaTeX Warning: Reference `fig:cf_6th_plot' on page 20 undefined on input line 7
96.


LaTeX Warning: File `Figures/dummy.jpg' not found on input line 806.


! Package pdftex.def Error: File `Figures/dummy.jpg' not found: using draft set
ting.

See the pdftex.def package documentation for explanation.
Type  H <return>  for immediate help.
 ...                                              
                                                  
l.806 ...s[width=0.6\linewidth]{Figures/dummy.jpg}
                                                  
? 

LaTeX Warning: File `Figures/dummy.jpg' not found on input line 813.


! Package pdftex.def Error: File `Figures/dummy.jpg' not found: using draft set
ting.

See the pdftex.def package documentation for explanation.
Type  H <return>  for immediate help.
 ...                                              
                                                  
l.813 ...s[width=0.6\linewidth]{Figures/dummy.jpg}
                                                  
? 

LaTeX Warning: File `Figures/dummy.jpg' not found on input line 824.


! Package pdftex.def Error: File `Figures/dummy.jpg' not found: using draft set
ting.

See the pdftex.def package documentation for explanation.
Type  H <return>  for immediate help.
 ...                                              
                                                  
l.824 ...s[width=0.6\linewidth]{Figures/dummy.jpg}
                                                  
? 

LaTeX Warning: File `Figures/dummy.jpg' not found on input line 832.


! Package pdftex.def Error: File `Figures/dummy.jpg' not found: using draft set
ting.

See the pdftex.def package documentation for explanation.
Type  H <return>  for immediate help.
 ...                                              
                                                  
l.832 ...s[width=0.6\linewidth]{Figures/dummy.jpg}
                                                  
? 

LaTeX Warning: File `Figures/dummy.jpg' not found on input line 842.


! Package pdftex.def Error: File `Figures/dummy.jpg' not found: using draft set
ting.

See the pdftex.def package documentation for explanation.
Type  H <return>  for immediate help.
 ...                                              
                                                  
l.842 ...s[width=0.6\linewidth]{Figures/dummy.jpg}
                                                  
? 

LaTeX Warning: File `Figures/dummy.jpg' not found on input line 850.


! Package pdftex.def Error: File `Figures/dummy.jpg' not found: using draft set
ting.

See the pdftex.def package documentation for explanation.
Type  H <return>  for immediate help.
 ...                                              
                                                  
l.850 ...s[width=0.6\linewidth]{Figures/dummy.jpg}
                                                  
? 

Underfull \hbox (badness 2653) in paragraph at lines 851--851
[]\OT1/cmr/m/n/10.95 (f) |Dis-tri-bu-tion in dis-tance be-tween re-con-
 []


LaTeX Warning: Float too large for page by 104.12022pt on input line 866.


LaTeX Warning: File `Figures/ZernikeFitDerenzoMOCK_crop_v1a.jpg' not found on i
nput line 872.


! Package pdftex.def Error: File `Figures/ZernikeFitDerenzoMOCK_crop_v1a.jpg' n
ot found: using draft setting.

See the pdftex.def package documentation for explanation.
Type  H <return>  for immediate help.
 ...                                              
                                                  
l.872 ...gures/ZernikeFitDerenzoMOCK_crop_v1a.jpg}
                                                  
? 

LaTeX Warning: Reference `fig:Derenzo_phantom_imaging' on page 20 undefined on 
input line 873.


LaTeX Warning: Citation `Amidei_CDF_trigger_1988' on page 20 undefined on input
 line 873.


LaTeX Warning: Citation `PET_NIM_paper' on page 20 undefined on input line 873.



LaTeX Warning: Reference `fig:Derenzo_phantom_imaging' on page 20 undefined on 
input line 873.


LaTeX Warning: Citation `Amidei_CDF_trigger_1988' on page 20 undefined on input
 line 873.


LaTeX Warning: Citation `PET_NIM_paper' on page 20 undefined on input line 873.


[20] [21] [22]
Underfull \hbox (badness 10000) in paragraph at lines 913--917
\OT1/cmr/m/it/12 PET: Physics,instrumentation, and scan-ners\OT1/cmr/m/n/12 ; S
pringer New York
 []

[23

] [24]

LaTeX Warning: Citation `PDG_Groom_Klein_2019' on page 25 undefined on input li
ne 1047.


Underfull \hbox (badness 3635) in paragraph at lines 1057--1063
\OT1/cmr/m/n/12 European Jour-nal of Med-i-cal Physics; Vol-ume 72, P114-121, A
pril (2020);
 []

[25]
Underfull \hbox (badness 5924) in paragraph at lines 1112--1116
[]\OT1/cmr/m/n/12 E. Spieglan; \OT1/cmr/m/it/12 Us-ing Switch-able Flu-o-res-ce
nt Molecules to Im-age Tracks and
 []


Underfull \hbox (badness 2469) in paragraph at lines 1112--1116
\OT1/cmr/m/it/12 Mea-sure En-ergy in Large Liq-uid Dou-ble Beta De-cay De-tec-t
ors\OT1/cmr/m/n/12 ; CPAD 2019;
 []


LaTeX Warning: Citation `PET_NIM_paper' on page 26 undefined on input line 1117
.

[26] (TOPAS_PET_paper_v2g_XCAT_addition.aux)

LaTeX Warning: There were undefined references.


LaTeX Warning: Label(s) may have changed. Rerun to get cross-references right.

 ) 
Here is how much of TeX's memory you used:
 4858 strings out of 477843
 98790 string characters out of 2823600
 376127 words of memory out of 3000000
 23702 multiletter control sequences out of 15000+600000
 480740 words of font info for 73 fonts, out of 8000000 for 9000
 1141 hyphenation exceptions out of 8191
 55i,9n,63p,1500b,490s stack positions out of 10000i,1000n,20000p,200000b,80000s
<C:/Users/camer/AppData/Local/Programs/MiKTeX/fonts/type1/public/amsfonts/cm/
cmbx10.pfb><C:/Users/camer/AppData/Local/Programs/MiKTeX/fonts/type1/public/ams
fonts/cm/cmbx12.pfb><C:/Users/camer/AppData/Local/Programs/MiKTeX/fonts/type1/p
ublic/amsfonts/cm/cmmi10.pfb><C:/Users/camer/AppData/Local/Programs/MiKTeX/font
s/type1/public/amsfonts/cm/cmmi12.pfb><C:/Users/camer/AppData/Local/Programs/Mi
KTeX/fonts/type1/public/amsfonts/cm/cmmi8.pfb><C:/Users/camer/AppData/Local/Pro
grams/MiKTeX/fonts/type1/public/amsfonts/cm/cmr10.pfb><C:/Users/camer/AppData/L
ocal/Programs/MiKTeX/fonts/type1/public/amsfonts/cm/cmr12.pfb><C:/Users/camer/A
ppData/Local/Programs/MiKTeX/fonts/type1/public/amsfonts/cm/cmr7.pfb><C:/Users/
camer/AppData/Local/Programs/MiKTeX/fonts/type1/public/amsfonts/cm/cmr8.pfb><C:
/Users/camer/AppData/Local/Programs/MiKTeX/fonts/type1/public/amsfonts/cm/cmsy1
0.pfb><C:/Users/camer/AppData/Local/Programs/MiKTeX/fonts/type1/public/amsfonts
/cm/cmsy8.pfb><C:/Users/camer/AppData/Local/Programs/MiKTeX/fonts/type1/public/
amsfonts/cm/cmti12.pfb><C:/Users/camer/AppData/Local/Programs/MiKTeX/fonts/type
1/public/amsfonts/cm/cmtt12.pfb>
Output written on TOPAS_PET_paper_v2g_XCAT_addition.pdf (26 pages, 247855 bytes
).
PDF statistics:
 151 PDF objects out of 1000 (max. 8388607)
 0 named destinations out of 1000 (max. 500000)
 1 words of extra memory for PDF output out of 10000 (max. 10000000)

